2024-03-24 21:47:00,179   INFO  *************** Performance of EPOCH 80 *****************
2024-03-24 21:47:00,179   INFO  Run time per sample: 0.0232 second.
2024-03-24 21:47:00,179   INFO  Generate label finished(sec_per_example: 0.0260 second).
2024-03-24 21:47:00,179   INFO  recall_roi_0.3: 0.000000
2024-03-24 21:47:00,179   INFO  recall_rcnn_0.3: 0.902700
2024-03-24 21:47:00,179   INFO  recall_roi_0.5: 0.000000
2024-03-24 21:47:00,179   INFO  recall_rcnn_0.5: 0.893763
2024-03-24 21:47:00,179   INFO  recall_roi_0.7: 0.000000
2024-03-24 21:47:00,179   INFO  recall_rcnn_0.7: 0.768029
2024-03-24 21:47:00,182   INFO  Average predicted number of objects(3769 samples): 4.687
2024-03-24 21:47:27,690   INFO  Car AP@0.70, 0.70, 0.70:
bbox AP:98.4443, 90.2287, 89.7202
bev  AP:89.6729, 88.2915, 87.6123
3d   AP:88.7954, 84.9548, 78.4153
aos  AP:98.42, 90.17, 89.62
Car AP_R40@0.70, 0.70, 0.70:
bbox AP:99.4960, 95.9076, 93.2777
bev  AP:95.5544, 91.4737, 89.0143
3d   AP:92.0866, 85.2184, 82.5841
aos  AP:99.47, 95.82, 93.16
Car AP@0.70, 0.50, 0.50:
bbox AP:98.4443, 90.2287, 89.7202
bev  AP:98.5441, 97.1652, 89.8453
3d   AP:98.5261, 97.1071, 89.8246
aos  AP:98.42, 90.17, 89.62
Car AP_R40@0.70, 0.50, 0.50:
bbox AP:99.4960, 95.9076, 93.2777
bev  AP:99.5126, 98.0395, 95.6101
3d   AP:99.5077, 97.9339, 95.5445
aos  AP:99.47, 95.82, 93.16

2024-03-24 22:29:46,134   INFO  *************** Performance of EPOCH 80 *****************
2024-03-24 22:29:46,134   INFO  Run time per sample: 0.0239 second.
2024-03-24 22:29:46,134   INFO  Generate label finished(sec_per_example: 0.0287 second).
2024-03-24 22:29:46,134   INFO  recall_roi_0.3: 0.000000
2024-03-24 22:29:46,134   INFO  recall_rcnn_0.3: 0.902637
2024-03-24 22:29:46,134   INFO  recall_roi_0.5: 0.000000
2024-03-24 22:29:46,134   INFO  recall_rcnn_0.5: 0.893701
2024-03-24 22:29:46,134   INFO  recall_roi_0.7: 0.000000
2024-03-24 22:29:46,134   INFO  recall_rcnn_0.7: 0.768029
2024-03-24 22:29:46,137   INFO  Average predicted number of objects(3769 samples): 4.686
2024-03-24 22:30:13,097   INFO  Car AP@0.70, 0.70, 0.70:
bbox AP:98.4463, 90.2286, 89.7188
bev  AP:89.6327, 88.2673, 87.5798
3d   AP:88.7595, 84.9390, 78.4159
aos  AP:98.42, 90.17, 89.62
Car AP_R40@0.70, 0.70, 0.70:
bbox AP:99.4930, 95.9043, 93.2727
bev  AP:95.5089, 91.4444, 88.9885
3d   AP:92.0292, 85.1982, 82.5841
aos  AP:99.47, 95.82, 93.15
Car AP@0.70, 0.50, 0.50:
bbox AP:98.4463, 90.2286, 89.7188
bev  AP:98.5485, 97.1655, 89.8455
3d   AP:98.5305, 97.1074, 89.8211
aos  AP:98.42, 90.17, 89.62
Car AP_R40@0.70, 0.50, 0.50:
bbox AP:99.4930, 95.9043, 93.2727
bev  AP:99.5102, 98.0380, 95.6098
3d   AP:99.5053, 97.9324, 95.5427
aos  AP:99.47, 95.82, 93.15

2024-03-24 22:30:13,107   INFO  Result is save to /mnt/workspace/PVT-SSD/output/cfgs/kitti_models/pvt_ssd/default/pvt_ssd/default/eval/epoch_80/val/default
2024-03-24 22:30:13,107   INFO  ****************Evaluation done.*****************